#
# There is insufficient memory for the Java Runtime Environment to continue.
# Native memory allocation (malloc) failed to allocate 32744 bytes for ChunkPool::allocate
# Possible reasons:
#   The system is out of physical RAM or swap space
#   The process is running with CompressedOops enabled, and the Java Heap may be blocking the growth of the native heap
# Possible solutions:
#   Reduce memory load on the system
#   Increase physical memory or swap space
#   Check if swap backing store is full
#   Decrease Java heap size (-Xmx/-Xms)
#   Decrease number of Java threads
#   Decrease Java thread stack sizes (-Xss)
#   Set larger code cache with -XX:ReservedCodeCacheSize=
#   JVM is running with Unscaled Compressed Oops mode in which the Java heap is
#     placed in the first 4GB address space. The Java Heap base address is the
#     maximum limit for the native heap growth. Please use -XX:HeapBaseMinAddress
#     to set the Java Heap base and to place the Java Heap above 4GB virtual address.
# This output file may be truncated or incomplete.
#
#  Out of Memory Error (./src/hotspot/share/memory/arena.cpp:81), pid=36028, tid=31612
#
# JRE version: OpenJDK Runtime Environment (11.0.11+9) (build 11.0.11+9-b60-7590822)
# Java VM: OpenJDK 64-Bit Server VM (11.0.11+9-b60-7590822, mixed mode, tiered, compressed oops, g1 gc, windows-amd64)
# No core dump will be written. Minidumps are not enabled by default on client versions of Windows
#

---------------  S U M M A R Y ------------

Command Line: org.jetbrains.kotlin.cli.jvm.K2JVMCompiler @Z:\KotlinApps\app\build\20231207_1137705256046960797.compiler.options

Host: Intel(R) Core(TM) i5-4210M CPU @ 2.60GHz, 4 cores, 7G,  Windows 10 , 64 bit Build 19041 (10.0.19041.3031)
Time: Thu Dec  7 17:08:57 2023 Maroc (heure d’été) elapsed time: 3.069642 seconds (0d 0h 0m 3s)

---------------  T H R E A D  ---------------

Current thread (0x00000247df7a1000):  JavaThread "C2 CompilerThread0" daemon [_thread_in_native, id=31612, stack(0x00000069e5b00000,0x00000069e5c00000)]


Current CompileTask:
C2:   3069 1993   !   4       jdk.internal.loader.BuiltinClassLoader::loadClassOrNull (143 bytes)

Stack: [0x00000069e5b00000,0x00000069e5c00000]
Native frames: (J=compiled Java code, j=interpreted, Vv=VM code, C=native code)
V  [jvm.dll+0x5f214a]
V  [jvm.dll+0x726fb5]
V  [jvm.dll+0x7285cd]
V  [jvm.dll+0x728c83]
V  [jvm.dll+0x243278]
V  [jvm.dll+0xbc78b]
V  [jvm.dll+0xbca3c]
V  [jvm.dll+0x35926c]
V  [jvm.dll+0x4ecc6e]
V  [jvm.dll+0x4ec083]
V  [jvm.dll+0x4ec856]
V  [jvm.dll+0x3218c2]
V  [jvm.dll+0x320d8a]
V  [jvm.dll+0x1fc1e2]
V  [jvm.dll+0x1fb3d4]
V  [jvm.dll+0x183d6c]
V  [jvm.dll+0x209a57]
V  [jvm.dll+0x2082a1]
V  [jvm.dll+0x6ef58f]
V  [jvm.dll+0x6e80b5]
V  [jvm.dll+0x5f1036]
C  [ucrtbase.dll+0x21bb2]
C  [KERNEL32.DLL+0x17614]
C  [ntdll.dll+0x526f1]


---------------  P R O C E S S  ---------------

Threads class SMR info:
_java_thread_list=0x00000247df8e9500, length=10, elements={
0x00000247c528e000, 0x00000247dedb9000, 0x00000247deded000, 0x00000247df797800,
0x00000247df79a000, 0x00000247df79c000, 0x00000247df7a1000, 0x00000247df7a2800,
0x00000247dee00800, 0x00000247df903000
}

Java Threads: ( => current thread )
  0x00000247c528e000 JavaThread "main" [_thread_in_vm, id=14296, stack(0x00000069e4f00000,0x00000069e5000000)]
  0x00000247dedb9000 JavaThread "Reference Handler" daemon [_thread_blocked, id=38012, stack(0x00000069e5600000,0x00000069e5700000)]
  0x00000247deded000 JavaThread "Finalizer" daemon [_thread_blocked, id=2360, stack(0x00000069e5700000,0x00000069e5800000)]
  0x00000247df797800 JavaThread "Signal Dispatcher" daemon [_thread_blocked, id=37660, stack(0x00000069e5800000,0x00000069e5900000)]
  0x00000247df79a000 JavaThread "Attach Listener" daemon [_thread_blocked, id=22284, stack(0x00000069e5900000,0x00000069e5a00000)]
  0x00000247df79c000 JavaThread "Service Thread" daemon [_thread_blocked, id=36872, stack(0x00000069e5a00000,0x00000069e5b00000)]
=>0x00000247df7a1000 JavaThread "C2 CompilerThread0" daemon [_thread_in_native, id=31612, stack(0x00000069e5b00000,0x00000069e5c00000)]
  0x00000247df7a2800 JavaThread "C1 CompilerThread0" daemon [_thread_blocked, id=38448, stack(0x00000069e5c00000,0x00000069e5d00000)]
  0x00000247dee00800 JavaThread "Sweeper thread" daemon [_thread_blocked, id=32016, stack(0x00000069e5d00000,0x00000069e5e00000)]
  0x00000247df903000 JavaThread "Common-Cleaner" daemon [_thread_blocked, id=33408, stack(0x00000069e5f00000,0x00000069e6000000)]

Other Threads:
  0x00000247dedb6000 VMThread "VM Thread" [stack: 0x00000069e5500000,0x00000069e5600000] [id=2696]
  0x00000247df8f4800 WatcherThread [stack: 0x00000069e5e00000,0x00000069e5f00000] [id=35024]
  0x00000247c52a5800 GCTaskThread "GC Thread#0" [stack: 0x00000069e5000000,0x00000069e5100000] [id=24048]
  0x00000247dfda0800 GCTaskThread "GC Thread#1" [stack: 0x00000069e6000000,0x00000069e6100000] [id=37204]
  0x00000247dfda1000 GCTaskThread "GC Thread#2" [stack: 0x00000069e6100000,0x00000069e6200000] [id=23316]
  0x00000247c52d6000 ConcurrentGCThread "G1 Main Marker" [stack: 0x00000069e5100000,0x00000069e5200000] [id=33436]
  0x00000247c52d8800 ConcurrentGCThread "G1 Conc#0" [stack: 0x00000069e5200000,0x00000069e5300000] [id=37288]
  0x00000247c536c000 ConcurrentGCThread "G1 Refine#0" [stack: 0x00000069e5300000,0x00000069e5400000] [id=15872]
  0x00000247c536d800 ConcurrentGCThread "G1 Young RemSet Sampling" [stack: 0x00000069e5400000,0x00000069e5500000] [id=28872]

Threads with active compile tasks:
C2 CompilerThread0   3096 1993   !   4       jdk.internal.loader.BuiltinClassLoader::loadClassOrNull (143 bytes)

VM state:not at safepoint (normal execution)

VM Mutex/Monitor currently owned by a thread: None

Heap address: 0x0000000081400000, size: 2028 MB, Compressed Oops mode: 32-bit
Narrow klass base: 0x0000000000000000, Narrow klass shift: 3
Compressed class space size: 1073741824 Address: 0x0000000100000000

Heap:
 garbage-first heap   total 131072K, used 42495K [0x0000000081400000, 0x0000000100000000)
  region size 1024K, 34 young (34816K), 7 survivors (7168K)
 Metaspace       used 28093K, capacity 28471K, committed 28544K, reserved 1075200K
  class space    used 3039K, capacity 3179K, committed 3200K, reserved 1048576K
Heap Regions: E=young(eden), S=young(survivor), O=old, HS=humongous(starts), HC=humongous(continues), CS=collection set, F=free, A=archive, TAMS=top-at-mark-start (previous, next)
|   0|0x0000000081400000, 0x0000000081500000, 0x0000000081500000|100%|HS|  |TAMS 0x0000000081500000, 0x0000000081400000| Complete 
|   1|0x0000000081500000, 0x0000000081600000, 0x0000000081600000|100%|HC|  |TAMS 0x0000000081600000, 0x0000000081500000| Complete 
|   2|0x0000000081600000, 0x0000000081700000, 0x0000000081700000|100%|HC|  |TAMS 0x0000000081700000, 0x0000000081600000| Complete 
|   3|0x0000000081700000, 0x0000000081700000, 0x0000000081800000|  0%| F|  |TAMS 0x0000000081700000, 0x0000000081700000| Untracked 
|   4|0x0000000081800000, 0x000000008180cc00, 0x0000000081900000|  4%| O|  |TAMS 0x000000008180cc00, 0x0000000081800000| Untracked 
|   5|0x0000000081900000, 0x0000000081a00000, 0x0000000081a00000|100%|HS|  |TAMS 0x0000000081900000, 0x0000000081900000| Complete 
|   6|0x0000000081a00000, 0x0000000081b00000, 0x0000000081b00000|100%|HC|  |TAMS 0x0000000081a00000, 0x0000000081a00000| Complete 
|   7|0x0000000081b00000, 0x0000000081c00000, 0x0000000081c00000|100%|HC|  |TAMS 0x0000000081b00000, 0x0000000081b00000| Complete 
|   8|0x0000000081c00000, 0x0000000081d00000, 0x0000000081d00000|100%|HS|  |TAMS 0x0000000081c00000, 0x0000000081c00000| Complete 
|   9|0x0000000081d00000, 0x0000000081e00000, 0x0000000081e00000|100%|HC|  |TAMS 0x0000000081d00000, 0x0000000081d00000| Complete 
|  10|0x0000000081e00000, 0x0000000081f00000, 0x0000000081f00000|100%|HC|  |TAMS 0x0000000081e00000, 0x0000000081e00000| Complete 
|  11|0x0000000081f00000, 0x0000000081f00000, 0x0000000082000000|  0%| F|  |TAMS 0x0000000081f00000, 0x0000000081f00000| Untracked 
|  12|0x0000000082000000, 0x0000000082000000, 0x0000000082100000|  0%| F|  |TAMS 0x0000000082000000, 0x0000000082000000| Untracked 
|  13|0x0000000082100000, 0x0000000082100000, 0x0000000082200000|  0%| F|  |TAMS 0x0000000082100000, 0x0000000082100000| Untracked 
|  14|0x0000000082200000, 0x0000000082200000, 0x0000000082300000|  0%| F|  |TAMS 0x0000000082200000, 0x0000000082200000| Untracked 
|  15|0x0000000082300000, 0x0000000082300000, 0x0000000082400000|  0%| F|  |TAMS 0x0000000082300000, 0x0000000082300000| Untracked 
|  16|0x0000000082400000, 0x0000000082400000, 0x0000000082500000|  0%| F|  |TAMS 0x0000000082400000, 0x0000000082400000| Untracked 
|  17|0x0000000082500000, 0x0000000082500000, 0x0000000082600000|  0%| F|  |TAMS 0x0000000082500000, 0x0000000082500000| Untracked 
|  18|0x0000000082600000, 0x0000000082600000, 0x0000000082700000|  0%| F|  |TAMS 0x0000000082600000, 0x0000000082600000| Untracked 
|  19|0x0000000082700000, 0x0000000082700000, 0x0000000082800000|  0%| F|  |TAMS 0x0000000082700000, 0x0000000082700000| Untracked 
|  20|0x0000000082800000, 0x0000000082800000, 0x0000000082900000|  0%| F|  |TAMS 0x0000000082800000, 0x0000000082800000| Untracked 
|  21|0x0000000082900000, 0x0000000082900000, 0x0000000082a00000|  0%| F|  |TAMS 0x0000000082900000, 0x0000000082900000| Untracked 
|  22|0x0000000082a00000, 0x0000000082a00000, 0x0000000082b00000|  0%| F|  |TAMS 0x0000000082a00000, 0x0000000082a00000| Untracked 
|  23|0x0000000082b00000, 0x0000000082b00000, 0x0000000082c00000|  0%| F|  |TAMS 0x0000000082b00000, 0x0000000082b00000| Untracked 
|  24|0x0000000082c00000, 0x0000000082c00000, 0x0000000082d00000|  0%| F|  |TAMS 0x0000000082c00000, 0x0000000082c00000| Untracked 
|  25|0x0000000082d00000, 0x0000000082d00000, 0x0000000082e00000|  0%| F|  |TAMS 0x0000000082d00000, 0x0000000082d00000| Untracked 
|  26|0x0000000082e00000, 0x0000000082e00000, 0x0000000082f00000|  0%| F|  |TAMS 0x0000000082e00000, 0x0000000082e00000| Untracked 
|  27|0x0000000082f00000, 0x0000000082f00000, 0x0000000083000000|  0%| F|  |TAMS 0x0000000082f00000, 0x0000000082f00000| Untracked 
|  28|0x0000000083000000, 0x0000000083000000, 0x0000000083100000|  0%| F|  |TAMS 0x0000000083000000, 0x0000000083000000| Untracked 
|  29|0x0000000083100000, 0x0000000083100000, 0x0000000083200000|  0%| F|  |TAMS 0x0000000083100000, 0x0000000083100000| Untracked 
|  30|0x0000000083200000, 0x0000000083200000, 0x0000000083300000|  0%| F|  |TAMS 0x0000000083200000, 0x0000000083200000| Untracked 
|  31|0x0000000083300000, 0x0000000083300000, 0x0000000083400000|  0%| F|  |TAMS 0x0000000083300000, 0x0000000083300000| Untracked 
|  32|0x0000000083400000, 0x0000000083400000, 0x0000000083500000|  0%| F|  |TAMS 0x0000000083400000, 0x0000000083400000| Untracked 
|  33|0x0000000083500000, 0x0000000083500000, 0x0000000083600000|  0%| F|  |TAMS 0x0000000083500000, 0x0000000083500000| Untracked 
|  34|0x0000000083600000, 0x0000000083600000, 0x0000000083700000|  0%| F|  |TAMS 0x0000000083600000, 0x0000000083600000| Untracked 
|  35|0x0000000083700000, 0x0000000083700000, 0x0000000083800000|  0%| F|  |TAMS 0x0000000083700000, 0x0000000083700000| Untracked 
|  36|0x0000000083800000, 0x0000000083800000, 0x0000000083900000|  0%| F|  |TAMS 0x0000000083800000, 0x0000000083800000| Untracked 
|  37|0x0000000083900000, 0x0000000083900000, 0x0000000083a00000|  0%| F|  |TAMS 0x0000000083900000, 0x0000000083900000| Untracked 
|  38|0x0000000083a00000, 0x0000000083a00000, 0x0000000083b00000|  0%| F|  |TAMS 0x0000000083a00000, 0x0000000083a00000| Untracked 
|  39|0x0000000083b00000, 0x0000000083b00000, 0x0000000083c00000|  0%| F|  |TAMS 0x0000000083b00000, 0x0000000083b00000| Untracked 
|  40|0x0000000083c00000, 0x0000000083c00000, 0x0000000083d00000|  0%| F|  |TAMS 0x0000000083c00000, 0x0000000083c00000| Untracked 
|  41|0x0000000083d00000, 0x0000000083d00000, 0x0000000083e00000|  0%| F|  |TAMS 0x0000000083d00000, 0x0000000083d00000| Untracked 
|  42|0x0000000083e00000, 0x0000000083e00000, 0x0000000083f00000|  0%| F|  |TAMS 0x0000000083e00000, 0x0000000083e00000| Untracked 
|  43|0x0000000083f00000, 0x0000000083f00000, 0x0000000084000000|  0%| F|  |TAMS 0x0000000083f00000, 0x0000000083f00000| Untracked 
|  44|0x0000000084000000, 0x0000000084000000, 0x0000000084100000|  0%| F|  |TAMS 0x0000000084000000, 0x0000000084000000| Untracked 
|  45|0x0000000084100000, 0x0000000084100000, 0x0000000084200000|  0%| F|  |TAMS 0x0000000084100000, 0x0000000084100000| Untracked 
|  46|0x0000000084200000, 0x0000000084200000, 0x0000000084300000|  0%| F|  |TAMS 0x0000000084200000, 0x0000000084200000| Untracked 
|  47|0x0000000084300000, 0x0000000084300000, 0x0000000084400000|  0%| F|  |TAMS 0x0000000084300000, 0x0000000084300000| Untracked 
|  48|0x0000000084400000, 0x0000000084400000, 0x0000000084500000|  0%| F|  |TAMS 0x0000000084400000, 0x0000000084400000| Untracked 
|  49|0x0000000084500000, 0x0000000084500000, 0x0000000084600000|  0%| F|  |TAMS 0x0000000084500000, 0x0000000084500000| Untracked 
|  50|0x0000000084600000, 0x0000000084600000, 0x0000000084700000|  0%| F|  |TAMS 0x0000000084600000, 0x0000000084600000| Untracked 
|  51|0x0000000084700000, 0x0000000084700000, 0x0000000084800000|  0%| F|  |TAMS 0x0000000084700000, 0x0000000084700000| Untracked 
|  52|0x0000000084800000, 0x0000000084800000, 0x0000000084900000|  0%| F|  |TAMS 0x0000000084800000, 0x0000000084800000| Untracked 
|  53|0x0000000084900000, 0x0000000084900000, 0x0000000084a00000|  0%| F|  |TAMS 0x0000000084900000, 0x0000000084900000| Untracked 
|  54|0x0000000084a00000, 0x0000000084a00000, 0x0000000084b00000|  0%| F|  |TAMS 0x0000000084a00000, 0x0000000084a00000| Untracked 
|  55|0x0000000084b00000, 0x0000000084b00000, 0x0000000084c00000|  0%| F|  |TAMS 0x0000000084b00000, 0x0000000084b00000| Untracked 
|  56|0x0000000084c00000, 0x0000000084c00000, 0x0000000084d00000|  0%| F|  |TAMS 0x0000000084c00000, 0x0000000084c00000| Untracked 
|  57|0x0000000084d00000, 0x0000000084d00000, 0x0000000084e00000|  0%| F|  |TAMS 0x0000000084d00000, 0x0000000084d00000| Untracked 
|  58|0x0000000084e00000, 0x0000000084e00000, 0x0000000084f00000|  0%| F|  |TAMS 0x0000000084e00000, 0x0000000084e00000| Untracked 
|  59|0x0000000084f00000, 0x0000000084f00000, 0x0000000085000000|  0%| F|  |TAMS 0x0000000084f00000, 0x0000000084f00000| Untracked 
|  60|0x0000000085000000, 0x0000000085000000, 0x0000000085100000|  0%| F|  |TAMS 0x0000000085000000, 0x0000000085000000| Untracked 
|  61|0x0000000085100000, 0x0000000085100000, 0x0000000085200000|  0%| F|  |TAMS 0x0000000085100000, 0x0000000085100000| Untracked 
|  62|0x0000000085200000, 0x0000000085200000, 0x0000000085300000|  0%| F|  |TAMS 0x0000000085200000, 0x0000000085200000| Untracked 
|  63|0x0000000085300000, 0x0000000085300000, 0x0000000085400000|  0%| F|  |TAMS 0x0000000085300000, 0x0000000085300000| Untracked 
|  64|0x0000000085400000, 0x0000000085400000, 0x0000000085500000|  0%| F|  |TAMS 0x0000000085400000, 0x0000000085400000| Untracked 
|  65|0x0000000085500000, 0x0000000085500000, 0x0000000085600000|  0%| F|  |TAMS 0x0000000085500000, 0x0000000085500000| Untracked 
|  66|0x0000000085600000, 0x0000000085600000, 0x0000000085700000|  0%| F|  |TAMS 0x0000000085600000, 0x0000000085600000| Untracked 
|  67|0x0000000085700000, 0x0000000085700000, 0x0000000085800000|  0%| F|  |TAMS 0x0000000085700000, 0x0000000085700000| Untracked 
|  68|0x0000000085800000, 0x0000000085800000, 0x0000000085900000|  0%| F|  |TAMS 0x0000000085800000, 0x0000000085800000| Untracked 
|  69|0x0000000085900000, 0x0000000085900000, 0x0000000085a00000|  0%| F|  |TAMS 0x0000000085900000, 0x0000000085900000| Untracked 
|  70|0x0000000085a00000, 0x0000000085a00000, 0x0000000085b00000|  0%| F|  |TAMS 0x0000000085a00000, 0x0000000085a00000| Untracked 
|  71|0x0000000085b00000, 0x0000000085b00000, 0x0000000085c00000|  0%| F|  |TAMS 0x0000000085b00000, 0x0000000085b00000| Untracked 
|  72|0x0000000085c00000, 0x0000000085c00000, 0x0000000085d00000|  0%| F|  |TAMS 0x0000000085c00000, 0x0000000085c00000| Untracked 
|  73|0x0000000085d00000, 0x0000000085d732f0, 0x0000000085e00000| 44%| S|CS|TAMS 0x0000000085d00000, 0x0000000085d00000| Complete 
|  74|0x0000000085e00000, 0x0000000085f00000, 0x0000000085f00000|100%| S|CS|TAMS 0x0000000085e00000, 0x0000000085e00000| Complete 
|  75|0x0000000085f00000, 0x0000000086000000, 0x0000000086000000|100%| S|CS|TAMS 0x0000000085f00000, 0x0000000085f00000| Complete 
|  76|0x0000000086000000, 0x0000000086100000, 0x0000000086100000|100%| S|CS|TAMS 0x0000000086000000, 0x0000000086000000| Complete 
|  77|0x0000000086100000, 0x0000000086200000, 0x0000000086200000|100%| S|CS|TAMS 0x0000000086100000, 0x0000000086100000| Complete 
|  78|0x0000000086200000, 0x0000000086300000, 0x0000000086300000|100%| S|CS|TAMS 0x0000000086200000, 0x0000000086200000| Complete 
|  79|0x0000000086300000, 0x0000000086400000, 0x0000000086400000|100%| S|CS|TAMS 0x0000000086300000, 0x0000000086300000| Complete 
|  80|0x0000000086400000, 0x0000000086400000, 0x0000000086500000|  0%| F|  |TAMS 0x0000000086400000, 0x0000000086400000| Untracked 
|  81|0x0000000086500000, 0x0000000086500000, 0x0000000086600000|  0%| F|  |TAMS 0x0000000086500000, 0x0000000086500000| Untracked 
|  82|0x0000000086600000, 0x0000000086600000, 0x0000000086700000|  0%| F|  |TAMS 0x0000000086600000, 0x0000000086600000| Untracked 
|  83|0x0000000086700000, 0x0000000086700000, 0x0000000086800000|  0%| F|  |TAMS 0x0000000086700000, 0x0000000086700000| Untracked 
|  84|0x0000000086800000, 0x0000000086800000, 0x0000000086900000|  0%| F|  |TAMS 0x0000000086800000, 0x0000000086800000| Untracked 
|  85|0x0000000086900000, 0x0000000086900000, 0x0000000086a00000|  0%| F|  |TAMS 0x0000000086900000, 0x0000000086900000| Untracked 
|  86|0x0000000086a00000, 0x0000000086a00000, 0x0000000086b00000|  0%| F|  |TAMS 0x0000000086a00000, 0x0000000086a00000| Untracked 
|  87|0x0000000086b00000, 0x0000000086b00000, 0x0000000086c00000|  0%| F|  |TAMS 0x0000000086b00000, 0x0000000086b00000| Untracked 
|  88|0x0000000086c00000, 0x0000000086c00000, 0x0000000086d00000|  0%| F|  |TAMS 0x0000000086c00000, 0x0000000086c00000| Untracked 
|  89|0x0000000086d00000, 0x0000000086d00000, 0x0000000086e00000|  0%| F|  |TAMS 0x0000000086d00000, 0x0000000086d00000| Untracked 
|  90|0x0000000086e00000, 0x0000000086e00000, 0x0000000086f00000|  0%| F|  |TAMS 0x0000000086e00000, 0x0000000086e00000| Untracked 
|  91|0x0000000086f00000, 0x0000000086f00000, 0x0000000087000000|  0%| F|  |TAMS 0x0000000086f00000, 0x0000000086f00000| Untracked 
|  92|0x0000000087000000, 0x0000000087000000, 0x0000000087100000|  0%| F|  |TAMS 0x0000000087000000, 0x0000000087000000| Untracked 
|  93|0x0000000087100000, 0x0000000087100000, 0x0000000087200000|  0%| F|  |TAMS 0x0000000087100000, 0x0000000087100000| Untracked 
|  94|0x0000000087200000, 0x0000000087200000, 0x0000000087300000|  0%| F|  |TAMS 0x0000000087200000, 0x0000000087200000| Untracked 
|  95|0x0000000087300000, 0x0000000087300000, 0x0000000087400000|  0%| F|  |TAMS 0x0000000087300000, 0x0000000087300000| Untracked 
|  96|0x0000000087400000, 0x0000000087400000, 0x0000000087500000|  0%| F|  |TAMS 0x0000000087400000, 0x0000000087400000| Untracked 
|  97|0x0000000087500000, 0x0000000087500000, 0x0000000087600000|  0%| F|  |TAMS 0x0000000087500000, 0x0000000087500000| Untracked 
|  98|0x0000000087600000, 0x0000000087600000, 0x0000000087700000|  0%| F|  |TAMS 0x0000000087600000, 0x0000000087600000| Untracked 
|  99|0x0000000087700000, 0x0000000087700000, 0x0000000087800000|  0%| F|  |TAMS 0x0000000087700000, 0x0000000087700000| Untracked 
| 100|0x0000000087800000, 0x0000000087800000, 0x0000000087900000|  0%| F|  |TAMS 0x0000000087800000, 0x0000000087800000| Untracked 
| 101|0x0000000087900000, 0x0000000087a00000, 0x0000000087a00000|100%| E|  |TAMS 0x0000000087900000, 0x0000000087900000| Complete 
| 102|0x0000000087a00000, 0x0000000087b00000, 0x0000000087b00000|100%| E|CS|TAMS 0x0000000087a00000, 0x0000000087a00000| Complete 
| 103|0x0000000087b00000, 0x0000000087c00000, 0x0000000087c00000|100%| E|CS|TAMS 0x0000000087b00000, 0x0000000087b00000| Complete 
| 104|0x0000000087c00000, 0x0000000087d00000, 0x0000000087d00000|100%| E|CS|TAMS 0x0000000087c00000, 0x0000000087c00000| Complete 
| 105|0x0000000087d00000, 0x0000000087e00000, 0x0000000087e00000|100%| E|CS|TAMS 0x0000000087d00000, 0x0000000087d00000| Complete 
| 106|0x0000000087e00000, 0x0000000087f00000, 0x0000000087f00000|100%| E|CS|TAMS 0x0000000087e00000, 0x0000000087e00000| Complete 
| 107|0x0000000087f00000, 0x0000000088000000, 0x0000000088000000|100%| E|CS|TAMS 0x0000000087f00000, 0x0000000087f00000| Complete 
| 108|0x0000000088000000, 0x0000000088100000, 0x0000000088100000|100%| E|CS|TAMS 0x0000000088000000, 0x0000000088000000| Complete 
| 109|0x0000000088100000, 0x0000000088200000, 0x0000000088200000|100%| E|CS|TAMS 0x0000000088100000, 0x0000000088100000| Complete 
| 110|0x0000000088200000, 0x0000000088300000, 0x0000000088300000|100%| E|CS|TAMS 0x0000000088200000, 0x0000000088200000| Complete 
| 111|0x0000000088300000, 0x0000000088400000, 0x0000000088400000|100%| E|CS|TAMS 0x0000000088300000, 0x0000000088300000| Complete 
| 112|0x0000000088400000, 0x0000000088500000, 0x0000000088500000|100%| E|CS|TAMS 0x0000000088400000, 0x0000000088400000| Complete 
| 113|0x0000000088500000, 0x0000000088600000, 0x0000000088600000|100%| E|CS|TAMS 0x0000000088500000, 0x0000000088500000| Complete 
| 114|0x0000000088600000, 0x0000000088700000, 0x0000000088700000|100%| E|CS|TAMS 0x0000000088600000, 0x0000000088600000| Complete 
| 115|0x0000000088700000, 0x0000000088800000, 0x0000000088800000|100%| E|CS|TAMS 0x0000000088700000, 0x0000000088700000| Complete 
| 116|0x0000000088800000, 0x0000000088900000, 0x0000000088900000|100%| E|CS|TAMS 0x0000000088800000, 0x0000000088800000| Complete 
| 117|0x0000000088900000, 0x0000000088a00000, 0x0000000088a00000|100%| E|CS|TAMS 0x0000000088900000, 0x0000000088900000| Complete 
| 118|0x0000000088a00000, 0x0000000088b00000, 0x0000000088b00000|100%| E|CS|TAMS 0x0000000088a00000, 0x0000000088a00000| Complete 
| 119|0x0000000088b00000, 0x0000000088c00000, 0x0000000088c00000|100%| E|CS|TAMS 0x0000000088b00000, 0x0000000088b00000| Complete 
| 120|0x0000000088c00000, 0x0000000088d00000, 0x0000000088d00000|100%| E|CS|TAMS 0x0000000088c00000, 0x0000000088c00000| Complete 
| 121|0x0000000088d00000, 0x0000000088e00000, 0x0000000088e00000|100%| E|CS|TAMS 0x0000000088d00000, 0x0000000088d00000| Complete 
| 122|0x0000000088e00000, 0x0000000088f00000, 0x0000000088f00000|100%| E|CS|TAMS 0x0000000088e00000, 0x0000000088e00000| Complete 
| 123|0x0000000088f00000, 0x0000000089000000, 0x0000000089000000|100%| E|CS|TAMS 0x0000000088f00000, 0x0000000088f00000| Complete 
| 124|0x0000000089000000, 0x0000000089100000, 0x0000000089100000|100%| E|CS|TAMS 0x0000000089000000, 0x0000000089000000| Complete 
| 125|0x0000000089100000, 0x0000000089200000, 0x0000000089200000|100%| E|CS|TAMS 0x0000000089100000, 0x0000000089100000| Complete 
| 126|0x0000000089200000, 0x0000000089300000, 0x0000000089300000|100%| E|CS|TAMS 0x0000000089200000, 0x0000000089200000| Complete 
| 127|0x0000000089300000, 0x0000000089400000, 0x0000000089400000|100%| E|CS|TAMS 0x0000000089300000, 0x0000000089300000| Complete 

Card table byte_map: [0x00000247d8190000,0x00000247d8590000] _byte_map_base: 0x00000247d7d86000

Marking Bits (Prev, Next): (CMBitMap*) 0x00000247c52cd770, (CMBitMap*) 0x00000247c52cd738
 Prev Bits: [0x00000247da940000, 0x00000247dc8f0000)
 Next Bits: [0x00000247d8990000, 0x00000247da940000)

Polling page: 0x00000247c31a0000

Metaspace:

Usage:
  Non-class:     24.70 MB capacity,    24.47 MB (>99%) used,   195.35 KB ( <1%) free+waste,    42.50 KB ( <1%) overhead. 
      Class:      3.10 MB capacity,     2.97 MB ( 96%) used,   120.50 KB (  4%) free+waste,    19.00 KB ( <1%) overhead. 
       Both:     27.80 MB capacity,    27.44 MB ( 99%) used,   315.85 KB (  1%) free+waste,    61.50 KB ( <1%) overhead. 

Virtual space:
  Non-class space:       26.00 MB reserved,      24.75 MB ( 95%) committed 
      Class space:        1.00 GB reserved,       3.13 MB ( <1%) committed 
             Both:        1.03 GB reserved,      27.88 MB (  3%) committed 

Chunk freelists:
   Non-Class:  52.00 KB
       Class:  21.00 KB
        Both:  73.00 KB

MaxMetaspaceSize: 17179869184.00 GB
CompressedClassSpaceSize: 1.00 GB

CodeHeap 'non-profiled nmethods': size=120064Kb used=600Kb max_used=600Kb free=119464Kb
 bounds [0x00000247d0850000, 0x00000247d0ac0000, 0x00000247d7d90000]
CodeHeap 'profiled nmethods': size=120000Kb used=4149Kb max_used=4149Kb free=115851Kb
 bounds [0x00000247c9320000, 0x00000247c9730000, 0x00000247d0850000]
CodeHeap 'non-nmethods': size=5696Kb used=1156Kb max_used=1165Kb free=4539Kb
 bounds [0x00000247c8d90000, 0x00000247c9000000, 0x00000247c9320000]
 total_blobs=2541 nmethods=2041 adapters=411
 compilation: enabled
              stopped_count=0, restarted_count=0
 full_count=0

Compilation events (20 events):
Event: 2.962 Thread 0x00000247df7a2800 2033       3       jdk.internal.org.objectweb.asm.MethodWriter::visitTypeInsn (120 bytes)
Event: 2.963 Thread 0x00000247df7a2800 nmethod 2033 0x00000247c972ab10 code [0x00000247c972ad00, 0x00000247c972b0a8]
Event: 2.963 Thread 0x00000247df7a2800 2034       1       java.lang.reflect.Constructor::getRoot (5 bytes)
Event: 2.963 Thread 0x00000247df7a2800 nmethod 2034 0x00000247d08e4f10 code [0x00000247d08e50c0, 0x00000247d08e5178]
Event: 2.965 Thread 0x00000247df7a2800 2035       3       java.lang.invoke.BoundMethodHandle::<init> (32 bytes)
Event: 2.965 Thread 0x00000247df7a2800 nmethod 2035 0x00000247c972b290 code [0x00000247c972b440, 0x00000247c972b588]
Event: 2.969 Thread 0x00000247df7a2800 2037       1       java.lang.invoke.MethodHandleNatives::isPullModeBSM (2 bytes)
Event: 2.970 Thread 0x00000247df7a2800 nmethod 2037 0x00000247d08e5410 code [0x00000247d08e55c0, 0x00000247d08e5658]
Event: 2.970 Thread 0x00000247df7a2800 2038       3       java.lang.invoke.ConstantCallSite::getTarget (20 bytes)
Event: 2.970 Thread 0x00000247df7a2800 nmethod 2038 0x00000247c972b610 code [0x00000247c972b7e0, 0x00000247c972b9e8]
Event: 2.991 Thread 0x00000247df7a2800 2041       1       java.io.File::getPath (5 bytes)
Event: 2.992 Thread 0x00000247df7a2800 nmethod 2041 0x00000247d08e5d10 code [0x00000247d08e5ec0, 0x00000247d08e5f78]
Event: 2.995 Thread 0x00000247df7a2800 2042       3       java.lang.Class::forName (47 bytes)
Event: 2.995 Thread 0x00000247df7a2800 nmethod 2042 0x00000247c972bb10 code [0x00000247c972bd00, 0x00000247c972c148]
Event: 2.995 Thread 0x00000247df7a2800 2044  s    2       java.io.ByteArrayOutputStream::write (32 bytes)
Event: 2.996 Thread 0x00000247df7a2800 nmethod 2044 0x00000247c972c310 code [0x00000247c972c4e0, 0x00000247c972c7c8]
Event: 2.996 Thread 0x00000247df7a2800 2045       2       java.io.ByteArrayOutputStream::ensureCapacity (16 bytes)
Event: 2.996 Thread 0x00000247df7a2800 nmethod 2045 0x00000247c972c910 code [0x00000247c972cac0, 0x00000247c972cbe8]
Event: 2.996 Thread 0x00000247df7a2800 2043       3       java.util.HashMap$HashIterator::<init> (79 bytes)
Event: 2.996 Thread 0x00000247df7a2800 nmethod 2043 0x00000247c972cc90 code [0x00000247c972ce60, 0x00000247c972d278]

GC Heap History (4 events):
Event: 0.666 GC heap before
{Heap before GC invocations=0 (full 0):
 garbage-first heap   total 131072K, used 17408K [0x0000000081400000, 0x0000000100000000)
  region size 1024K, 14 young (14336K), 0 survivors (0K)
 Metaspace       used 9788K, capacity 9871K, committed 10112K, reserved 1058816K
  class space    used 834K, capacity 884K, committed 896K, reserved 1048576K
}
Event: 0.673 GC heap after
{Heap after GC invocations=1 (full 0):
 garbage-first heap   total 131072K, used 5171K [0x0000000081400000, 0x0000000100000000)
  region size 1024K, 2 young (2048K), 2 survivors (2048K)
 Metaspace       used 9788K, capacity 9871K, committed 10112K, reserved 1058816K
  class space    used 834K, capacity 884K, committed 896K, reserved 1048576K
}
Event: 2.135 GC heap before
{Heap before GC invocations=1 (full 0):
 garbage-first heap   total 131072K, used 51251K [0x0000000081400000, 0x0000000100000000)
  region size 1024K, 48 young (49152K), 2 survivors (2048K)
 Metaspace       used 21007K, capacity 21209K, committed 21248K, reserved 1069056K
  class space    used 2200K, capacity 2277K, committed 2304K, reserved 1048576K
}
Event: 2.154 GC heap after
{Heap after GC invocations=2 (full 0):
 garbage-first heap   total 131072K, used 9727K [0x0000000081400000, 0x0000000100000000)
  region size 1024K, 7 young (7168K), 7 survivors (7168K)
 Metaspace       used 21007K, capacity 21209K, committed 21248K, reserved 1069056K
  class space    used 2200K, capacity 2277K, committed 2304K, reserved 1048576K
}

Deoptimization events (20 events):
Event: 2.551 Thread 0x00000247c528e000 Uncommon trap: trap_request=0xffffffde fr.pc=0x00000247d08a1504 relative=0x0000000000000064
Event: 2.551 Thread 0x00000247c528e000 Uncommon trap: reason=class_check action=maybe_recompile pc=0x00000247d08a1504 method=java.util.Collections$UnmodifiableCollection.size()I @ 4 c2
Event: 2.551 Thread 0x00000247c528e000 DEOPT PACKING pc=0x00000247d08a1504 sp=0x00000069e4ffc260
Event: 2.551 Thread 0x00000247c528e000 DEOPT UNPACKING pc=0x00000247c8db662f sp=0x00000069e4ffc1f0 mode 2
Event: 2.554 Thread 0x00000247c528e000 Uncommon trap: trap_request=0xffffffde fr.pc=0x00000247d08a1504 relative=0x0000000000000064
Event: 2.554 Thread 0x00000247c528e000 Uncommon trap: reason=class_check action=maybe_recompile pc=0x00000247d08a1504 method=java.util.Collections$UnmodifiableCollection.size()I @ 4 c2
Event: 2.554 Thread 0x00000247c528e000 DEOPT PACKING pc=0x00000247d08a1504 sp=0x00000069e4ffc260
Event: 2.554 Thread 0x00000247c528e000 DEOPT UNPACKING pc=0x00000247c8db662f sp=0x00000069e4ffc1f0 mode 2
Event: 2.554 Thread 0x00000247c528e000 Uncommon trap: trap_request=0xffffffde fr.pc=0x00000247d08a1504 relative=0x0000000000000064
Event: 2.554 Thread 0x00000247c528e000 Uncommon trap: reason=class_check action=maybe_recompile pc=0x00000247d08a1504 method=java.util.Collections$UnmodifiableCollection.size()I @ 4 c2
Event: 2.554 Thread 0x00000247c528e000 DEOPT PACKING pc=0x00000247d08a1504 sp=0x00000069e4ffc260
Event: 2.554 Thread 0x00000247c528e000 DEOPT UNPACKING pc=0x00000247c8db662f sp=0x00000069e4ffc1f0 mode 2
Event: 2.641 Thread 0x00000247c528e000 Uncommon trap: trap_request=0xffffff4d fr.pc=0x00000247d08d0f68 relative=0x00000000000001c8
Event: 2.641 Thread 0x00000247c528e000 Uncommon trap: reason=unstable_if action=reinterpret pc=0x00000247d08d0f68 method=java.util.Arrays.hashCode([B)I @ 1 c2
Event: 2.641 Thread 0x00000247c528e000 DEOPT PACKING pc=0x00000247d08d0f68 sp=0x00000069e4ffe650
Event: 2.641 Thread 0x00000247c528e000 DEOPT UNPACKING pc=0x00000247c8db662f sp=0x00000069e4ffe5c0 mode 2
Event: 2.811 Thread 0x00000247c528e000 Uncommon trap: trap_request=0xffffff4d fr.pc=0x00000247d08c8fdc relative=0x00000000000001bc
Event: 2.811 Thread 0x00000247c528e000 Uncommon trap: reason=unstable_if action=reinterpret pc=0x00000247d08c8fdc method=java.lang.String.startsWith(Ljava/lang/String;I)Z @ 1 c2
Event: 2.811 Thread 0x00000247c528e000 DEOPT PACKING pc=0x00000247d08c8fdc sp=0x00000069e4ffdfd0
Event: 2.811 Thread 0x00000247c528e000 DEOPT UNPACKING pc=0x00000247c8db662f sp=0x00000069e4ffdf40 mode 2

Classes redefined (0 events):
No events

Internal exceptions (18 events):
Event: 1.790 Thread 0x00000247c528e000 Exception <a 'java/lang/NoSuchMethodError'{0x000000008703d328}: 'int java.lang.invoke.DirectMethodHandle$Holder.invokeSpecialIFC(java.lang.Object, java.lang.Object, int)'> (0x000000008703d328) thrown at [./src/hotspot/share/interpreter/linkResolver.cpp, line 773]
Event: 2.020 Thread 0x00000247c528e000 Exception <a 'java/lang/NoSuchMethodError'{0x000000008689f578}: 'java.lang.Object java.lang.invoke.DirectMethodHandle$Holder.invokeStaticInit(java.lang.Object, int)'> (0x000000008689f578) thrown at [./src/hotspot/share/interpreter/linkResolver.cpp, line 773]
Event: 2.072 Thread 0x00000247c528e000 Exception <a 'java/lang/NoSuchMethodError'{0x0000000086637210}: 'long java.lang.invoke.DirectMethodHandle$Holder.invokeStatic(java.lang.Object)'> (0x0000000086637210) thrown at [./src/hotspot/share/interpreter/linkResolver.cpp, line 773]
Event: 2.072 Thread 0x00000247c528e000 Exception <a 'java/lang/NoSuchMethodError'{0x000000008663a068}: 'long java.lang.invoke.DirectMethodHandle$Holder.invokeStaticInit(java.lang.Object)'> (0x000000008663a068) thrown at [./src/hotspot/share/interpreter/linkResolver.cpp, line 773]
Event: 2.181 Thread 0x00000247c528e000 Exception <a 'java/lang/NoSuchMethodError'{0x00000000893c8348}: 'int java.lang.invoke.DirectMethodHandle$Holder.invokeStaticInit(java.lang.Object, java.lang.Object, java.lang.Object)'> (0x00000000893c8348) thrown at [./src/hotspot/share/interpreter/linkResolver.cpp, line 773]
Event: 2.187 Thread 0x00000247c528e000 Exception <a 'java/lang/NoSuchMethodError'{0x00000000893f4020}: 'int java.lang.invoke.DirectMethodHandle$Holder.invokeStaticInit(java.lang.Object, java.lang.Object)'> (0x00000000893f4020) thrown at [./src/hotspot/share/interpreter/linkResolver.cpp, line 773]
Event: 2.543 Thread 0x00000247c528e000 Exception <a 'java/lang/NoSuchMethodError'{0x00000000889b69e0}: 'java.lang.Object java.lang.invoke.DirectMethodHandle$Holder.invokeStatic(java.lang.Object, java.lang.Object, java.lang.Object, java.lang.Object, java.lang.Object, java.lang.Object, java.lang.Object, java.lang.Object, java.lang.Object, java.lang.Object, java.lang.Object, java.lang.Object, java.lang.Object, java.lang.Object, java.lang.Object)'> (0x00000000889b69e0) thrown at [./src/hotspot/share/interpreter/linkResolver.cpp, line 773]
Event: 2.546 Thread 0x00000247c528e000 Exception <a 'java/lang/NoSuchMethodError'{0x00000000889c4d80}: 'java.lang.Object java.lang.invoke.DirectMethodHandle$Holder.invokeStatic(java.lang.Object, java.lang.Object, java.lang.Object, java.lang.Object, java.lang.Object, java.lang.Object, java.lang.Object, java.lang.Object, java.lang.Object, java.lang.Object, java.lang.Object, java.lang.Object, java.lang.Object, java.lang.Object, java.lang.Object, java.lang.Object)'> (0x00000000889c4d80) thrown at [./src/hotspot/share/interpreter/linkResolver.cpp, l
Event: 2.548 Thread 0x00000247c528e000 Exception <a 'java/lang/NoSuchMethodError'{0x00000000889d2c98}: 'java.lang.Object java.lang.invoke.DirectMethodHandle$Holder.invokeSpecial(java.lang.Object, java.lang.Object, int, int, java.lang.Object, java.lang.Object, java.lang.Object)'> (0x00000000889d2c98) thrown at [./src/hotspot/share/interpreter/linkResolver.cpp, line 773]
Event: 2.548 Thread 0x00000247c528e000 Exception <a 'java/lang/NoSuchMethodError'{0x00000000889d64d0}: 'java.lang.Object java.lang.invoke.DelegatingMethodHandle$Holder.reinvoke_L(java.lang.Object, int, int, java.lang.Object, java.lang.Object, java.lang.Object)'> (0x00000000889d64d0) thrown at [./src/hotspot/share/interpreter/linkResolver.cpp, line 773]
Event: 2.549 Thread 0x00000247c528e000 Exception <a 'java/lang/NoSuchMethodError'{0x00000000889da858}: 'java.lang.Object java.lang.invoke.DirectMethodHandle$Holder.invokeStatic(java.lang.Object, java.lang.Object, java.lang.Object, java.lang.Object, int)'> (0x00000000889da858) thrown at [./src/hotspot/share/interpreter/linkResolver.cpp, line 773]
Event: 2.641 Thread 0x00000247c528e000 Implicit null exception at 0x00000247d08d0dac to 0x00000247d08d0f5a
Event: 2.688 Thread 0x00000247c528e000 Exception <a 'java/lang/NoSuchMethodError'{0x0000000088355040}: 'void java.lang.invoke.DirectMethodHandle$Holder.invokeStatic(java.lang.Object, java.lang.Object, java.lang.Object, java.lang.Object)'> (0x0000000088355040) thrown at [./src/hotspot/share/interpreter/linkResolver.cpp, line 773]
Event: 2.720 Thread 0x00000247c528e000 Exception <a 'java/lang/NoSuchMethodError'{0x00000000882a6798}: 'void java.lang.invoke.DirectMethodHandle$Holder.invokeSpecial(java.lang.Object, java.lang.Object)'> (0x00000000882a6798) thrown at [./src/hotspot/share/interpreter/linkResolver.cpp, line 773]
Event: 2.772 Thread 0x00000247c528e000 Exception <a 'java/lang/NoSuchMethodError'{0x0000000087f4b9d8}: 'void java.lang.invoke.DirectMethodHandle$Holder.invokeStaticInit(java.lang.Object, java.lang.Object)'> (0x0000000087f4b9d8) thrown at [./src/hotspot/share/interpreter/linkResolver.cpp, line 773]
Event: 2.784 Thread 0x00000247c528e000 Exception <a 'java/lang/NoSuchMethodError'{0x0000000087f8a6f0}: 'void java.lang.invoke.DirectMethodHandle$Holder.invokeInterface(java.lang.Object, java.lang.Object)'> (0x0000000087f8a6f0) thrown at [./src/hotspot/share/interpreter/linkResolver.cpp, line 773]
Event: 2.969 Thread 0x00000247c528e000 Exception <a 'java/lang/NoSuchMethodError'{0x0000000087bf7260}: 'void java.lang.invoke.DirectMethodHandle$Holder.invokeVirtual(java.lang.Object, java.lang.Object)'> (0x0000000087bf7260) thrown at [./src/hotspot/share/interpreter/linkResolver.cpp, line 773]
Event: 2.985 Thread 0x00000247c528e000 Exception <a 'java/lang/NoSuchMethodError'{0x0000000087a6ef40}: 'int java.lang.invoke.DirectMethodHandle$Holder.invokeVirtual(java.lang.Object, java.lang.Object)'> (0x0000000087a6ef40) thrown at [./src/hotspot/share/interpreter/linkResolver.cpp, line 773]

Events (20 events):
Event: 3.052 loading class org/jetbrains/kotlin/psi/stubs/elements/KtStringTemplateExpressionElementType
Event: 3.052 loading class org/jetbrains/kotlin/psi/stubs/elements/KtStringTemplateExpressionElementType done
Event: 3.052 loading class org/jetbrains/kotlin/psi/stubs/elements/KtClassElementType
Event: 3.052 loading class org/jetbrains/kotlin/psi/stubs/elements/KtClassElementType done
Event: 3.053 loading class org/jetbrains/kotlin/psi/KtClass
Event: 3.053 loading class org/jetbrains/kotlin/psi/KtClass done
Event: 3.054 loading class org/jetbrains/kotlin/psi/KtClassOrObject
Event: 3.054 loading class org/jetbrains/kotlin/psi/KtClassOrObject done
Event: 3.055 loading class org/jetbrains/kotlin/psi/KtClassLikeDeclaration
Event: 3.055 loading class org/jetbrains/kotlin/psi/KtClassLikeDeclaration done
Event: 3.056 loading class org/jetbrains/kotlin/psi/KtNamedDeclaration
Event: 3.056 loading class org/jetbrains/kotlin/psi/KtNamedDeclaration done
Event: 3.056 loading class org/jetbrains/kotlin/psi/KtDeclaration
Event: 3.056 loading class org/jetbrains/kotlin/psi/KtDeclaration done
Event: 3.056 loading class org/jetbrains/kotlin/psi/KtExpression
Event: 3.056 loading class org/jetbrains/kotlin/psi/KtExpression done
Event: 3.062 loading class org/jetbrains/kotlin/psi/KtNamed
Event: 3.062 loading class org/jetbrains/kotlin/psi/KtNamed done
Event: 3.062 loading class org/jetbrains/kotlin/psi/KtStatementExpression
Event: 3.062 loading class org/jetbrains/kotlin/psi/KtStatementExpression done


Dynamic libraries:
0x00007ff67c700000 - 0x00007ff67c70a000 	C:\Program Files\Android\Android Studio\jre\bin\java.exe
0x00007ff85f910000 - 0x00007ff85fb08000 	C:\Windows\SYSTEM32\ntdll.dll
0x00007ff85e750000 - 0x00007ff85e80f000 	C:\Windows\System32\KERNEL32.DLL
0x00007ff85d2b0000 - 0x00007ff85d5a6000 	C:\Windows\System32\KERNELBASE.dll
0x00007ff85d7c0000 - 0x00007ff85d8c0000 	C:\Windows\System32\ucrtbase.dll
0x00007ff84d2a0000 - 0x00007ff84d2b9000 	C:\Program Files\Android\Android Studio\jre\bin\jli.dll
0x00007ff84ad10000 - 0x00007ff84ad27000 	C:\Program Files\Android\Android Studio\jre\bin\VCRUNTIME140.dll
0x00007ff85da00000 - 0x00007ff85db9d000 	C:\Windows\System32\USER32.dll
0x00007ff85d8f0000 - 0x00007ff85d912000 	C:\Windows\System32\win32u.dll
0x00007ff85c320000 - 0x00007ff85c5ba000 	C:\Windows\WinSxS\amd64_microsoft.windows.common-controls_6595b64144ccf1df_6.0.19041.1110_none_60b5254171f9507e\COMCTL32.dll
0x00007ff85f070000 - 0x00007ff85f09c000 	C:\Windows\System32\GDI32.dll
0x00007ff85eb80000 - 0x00007ff85ec1e000 	C:\Windows\System32\msvcrt.dll
0x00007ff85cff0000 - 0x00007ff85d105000 	C:\Windows\System32\gdi32full.dll
0x00007ff85d110000 - 0x00007ff85d1ad000 	C:\Windows\System32\msvcp_win.dll
0x00007ff85ddd0000 - 0x00007ff85de00000 	C:\Windows\System32\IMM32.DLL
0x00007ff819be0000 - 0x00007ff819c7d000 	C:\Program Files\Android\Android Studio\jre\bin\msvcp140.dll
0x00007fffa3610000 - 0x00007fffa40e5000 	C:\Program Files\Android\Android Studio\jre\bin\server\jvm.dll
0x00007ff85e5c0000 - 0x00007ff85e66f000 	C:\Windows\System32\ADVAPI32.dll
0x00007ff85ed00000 - 0x00007ff85ed9c000 	C:\Windows\System32\sechost.dll
0x00007ff85eda0000 - 0x00007ff85eec6000 	C:\Windows\System32\RPCRT4.dll
0x00007ff85ec40000 - 0x00007ff85ec48000 	C:\Windows\System32\PSAPI.DLL
0x00007ff82e340000 - 0x00007ff82e349000 	C:\Windows\SYSTEM32\WSOCK32.dll
0x00007ff845f50000 - 0x00007ff845f77000 	C:\Windows\SYSTEM32\WINMM.dll
0x00007ff85eed0000 - 0x00007ff85ef3b000 	C:\Windows\System32\WS2_32.dll
0x00007ff85a9f0000 - 0x00007ff85a9fa000 	C:\Windows\SYSTEM32\VERSION.dll
0x00007ff85a040000 - 0x00007ff85a052000 	C:\Windows\SYSTEM32\kernel.appcore.dll
0x00007ff8494f0000 - 0x00007ff849501000 	C:\Program Files\Android\Android Studio\jre\bin\verify.dll
0x00007ff85ca70000 - 0x00007ff85cc54000 	C:\Windows\SYSTEM32\DBGHELP.DLL
0x00007ff85c960000 - 0x00007ff85c994000 	C:\Windows\SYSTEM32\dbgcore.DLL
0x00007ff85d1b0000 - 0x00007ff85d232000 	C:\Windows\System32\bcryptPrimitives.dll
0x00007ff849470000 - 0x00007ff849499000 	C:\Program Files\Android\Android Studio\jre\bin\java.dll
0x00007ff857c30000 - 0x00007ff857c3b000 	C:\Program Files\Android\Android Studio\jre\bin\jimage.dll
0x00007ff8494c0000 - 0x00007ff8494d8000 	C:\Program Files\Android\Android Studio\jre\bin\zip.dll
0x00007ff85de00000 - 0x00007ff85e544000 	C:\Windows\System32\SHELL32.dll
0x00007ff85a240000 - 0x00007ff85a9d3000 	C:\Windows\SYSTEM32\windows.storage.dll
0x00007ff85f570000 - 0x00007ff85f8c4000 	C:\Windows\System32\combase.dll
0x00007ff85c280000 - 0x00007ff85c2ae000 	C:\Windows\SYSTEM32\Wldp.dll
0x00007ff85ec50000 - 0x00007ff85ecfd000 	C:\Windows\System32\SHCORE.dll
0x00007ff85e560000 - 0x00007ff85e5b5000 	C:\Windows\System32\shlwapi.dll
0x00007ff85cf30000 - 0x00007ff85cf4f000 	C:\Windows\SYSTEM32\profapi.dll
0x00007ff841a00000 - 0x00007ff841a1a000 	C:\Program Files\Android\Android Studio\jre\bin\net.dll
0x00007ff850350000 - 0x00007ff85045a000 	C:\Windows\SYSTEM32\WINHTTP.dll
0x00007ff85c140000 - 0x00007ff85c1aa000 	C:\Windows\system32\mswsock.dll
0x00007ff8418c0000 - 0x00007ff8418d4000 	C:\Program Files\Android\Android Studio\jre\bin\nio.dll

dbghelp: loaded successfully - version: 4.0.5 - missing functions: none
symbol engine: initialized successfully - sym options: 0x614 - pdb path: .;C:\Program Files\Android\Android Studio\jre\bin;C:\Windows\SYSTEM32;C:\Windows\WinSxS\amd64_microsoft.windows.common-controls_6595b64144ccf1df_6.0.19041.1110_none_60b5254171f9507e;C:\Program Files\Android\Android Studio\jre\bin\server

VM Arguments:
java_command: org.jetbrains.kotlin.cli.jvm.K2JVMCompiler @Z:\KotlinApps\app\build\20231207_1137705256046960797.compiler.options
java_class_path (initial): C:\Users\DevZakaria\.gradle\caches\modules-2\files-2.1\org.jetbrains.kotlin\kotlin-compiler-embeddable\1.5.30\3362a354066df1578a057c200da23cf2a1d8144f\kotlin-compiler-embeddable-1.5.30.jar;C:\Users\DevZakaria\.gradle\caches\modules-2\files-2.1\org.jetbrains.kotlin\kotlin-reflect\1.5.30\6773e974437dd6432aa646cc2f8ab71de42b5773\kotlin-reflect-1.5.30.jar;C:\Users\DevZakaria\.gradle\caches\modules-2\files-2.1\org.jetbrains.kotlin\kotlin-stdlib\1.5.30\d68efdea04955974ac1020f8f66ef8176bfbce1f\kotlin-stdlib-1.5.30.jar;C:\Users\DevZakaria\.gradle\caches\modules-2\files-2.1\org.jetbrains.kotlin\kotlin-script-runtime\1.5.30\10697ab20bfd2f1b23baa91306950c36c4e89a8d\kotlin-script-runtime-1.5.30.jar;C:\Users\DevZakaria\.gradle\caches\modules-2\files-2.1\org.jetbrains.kotlin\kotlin-daemon-embeddable\1.5.30\e355dc9011e559a475608265607948109e113ae0\kotlin-daemon-embeddable-1.5.30.jar;C:\Users\DevZakaria\.gradle\caches\modules-2\files-2.1\org.jetbrains.intellij.deps\trove4j\1.0.20181211\216c2e14b070f334479d800987affe4054cd563f\trove4j-1.0.20181211.jar;C:\Users\DevZakaria\.gradle\caches\modules-2\files-2.1\org.jetbrains\annotations\13.0\919f0dfe192fb4e063e7dacadee7f8bb9a2672a9\annotations-13.0.jar;C:\Users\DevZakaria\.gradle\caches\modules-2\files-2.1\org.jetbrains.kotlin\kotlin-stdlib-common\1.5.30\649ffab7767038323fec0cc41e2d7b0a8f65a378\kotlin-stdlib-common-1.5.30.jar
Launcher Type: SUN_STANDARD

[Global flags]
     intx CICompilerCount                          = 3                                         {product} {ergonomic}
     uint ConcGCThreads                            = 1                                         {product} {ergonomic}
     uint G1ConcRefinementThreads                  = 4                                         {product} {ergonomic}
   size_t G1HeapRegionSize                         = 1048576                                   {product} {ergonomic}
    uintx GCDrainStackTargetSize                   = 64                                        {product} {ergonomic}
   size_t InitialHeapSize                          = 134217728                                 {product} {ergonomic}
   size_t MarkStackSize                            = 4194304                                   {product} {ergonomic}
   size_t MaxHeapSize                              = 2126512128                                {product} {ergonomic}
   size_t MaxNewSize                               = 1275068416                                {product} {ergonomic}
   size_t MinHeapDeltaBytes                        = 1048576                                   {product} {ergonomic}
    uintx NonNMethodCodeHeapSize                   = 5830732                                {pd product} {ergonomic}
    uintx NonProfiledCodeHeapSize                  = 122913754                              {pd product} {ergonomic}
    uintx ProfiledCodeHeapSize                     = 122913754                              {pd product} {ergonomic}
    uintx ReservedCodeCacheSize                    = 251658240                              {pd product} {ergonomic}
     bool SegmentedCodeCache                       = true                                      {product} {ergonomic}
     bool UseCompressedClassPointers               = true                                 {lp64_product} {ergonomic}
     bool UseCompressedOops                        = true                                 {lp64_product} {ergonomic}
     bool UseG1GC                                  = true                                      {product} {ergonomic}
     bool UseLargePagesIndividualAllocation        = false                                  {pd product} {ergonomic}

Logging:
Log output configuration:
 #0: stdout all=warning uptime,level,tags
 #1: stderr all=off uptime,level,tags

Environment Variables:
CLASSPATH=.;C:/jade/jade.jar
PATH=C:\Program Files (x86)\VMware\VMware Workstation\bin\;C:\Program Files\Common Files\Oracle\Java\javapath;C:\Python27\Scripts;C:\Python27;C:\Windows\system32;C:\Windows;C:\Windows\System32\Wbem;C:\Windows\System32\WindowsPowerShell\v1.0\;C:\Windows\System32\OpenSSH\;C:\Program Files\Microsoft VS Code\bin;C:\Program Files\nodejs\;C:\ProgramData\chocolatey\bin;C:\Program Files\Git\cmd;C:\Program Files\Amazon\AWSCLIV2\;C:\Program Files\dotnet\;C:\Program Files\Microsoft SQL Server\130\Tools\Binn\;C:\Program Files\Microsoft SQL Server\Client SDK\ODBC\170\Tools\Binn\;C:\Program Files (x86)\Microsoft SQL Server\110\DTS\Binn\;C:\Program Files (x86)\Microsoft SQL Server\120\DTS\Binn\;C:\Program Files (x86)\Microsoft SQL Server\130\DTS\Binn\;C:\Program Files (x86)\Microsoft SQL Server\140\DTS\Binn\;C:\Program Files (x86)\Microsoft SQL Server\150\DTS\Binn\;C:\Program Files (x86)\Microsoft SQL Server\160\DTS\Binn\;C:\Program Files (x86)\Microsoft SQL Server\150\Tools\Binn\;C:\Program Files\Microsoft SQL Server\150\Tools\Binn\;C:\Program Files\Microsoft SQL Server\150\DTS\Binn\;C:\Program Files\Azure Data Studio\bin;C:\Program Files (x86)\Microsoft SQL Server\140\Tools\Binn\;C:\Program Files\Microsoft SQL Server\140\Tools\Binn\;C:\Program Files\Microsoft SQL Server\140\DTS\Binn\;C:\Program Files\Microsoft SQL Server\Client SDK\ODBC\130\Tools\Binn\;C:\Program Files\Docker\Docker\resources\bin;C:\Program Files\MySQL\MySQL Shell 8.0\bin\;C:\Users\DevZakaria\AppData\Local\Microsoft\WindowsApps;C:\Users\DevZakaria\AppData\Local\GitHubDesktop\bin;C:\Users\DevZakaria\AppData\Roaming\npm;C:\dart-sdk\lib;C:\dart-sdk\bin;C:\flutter\bin;C:\Program Files\PostgreSQL\14\bin;C:\MinGW\bin;C:\Users\DevZakaria\.dotnet\tools;C:\Program Files\Azure Data Studio\bin;C:\Program Files\JetBrains\IntelliJ IDEA Community Edition 2023.1.1\bin;
USERNAME=DevZakaria
OS=Windows_NT
PROCESSOR_IDENTIFIER=Intel64 Family 6 Model 60 Stepping 3, GenuineIntel



---------------  S Y S T E M  ---------------

OS: Windows 10 , 64 bit Build 19041 (10.0.19041.3031)
OS uptime: 44 days 16:21 hours
Hyper-V role detected

CPU:total 4 (initial active 4) (2 cores per cpu, 2 threads per core) family 6 model 60 stepping 3 microcode 0x27, cmov, cx8, fxsr, mmx, sse, sse2, sse3, ssse3, sse4.1, sse4.2, popcnt, avx, avx2, aes, clmul, erms, lzcnt, ht, tsc, tscinvbit, bmi1, bmi2, fma

Memory: 4k page, system-wide physical 8105M (315M free)
TotalPageFile size 32681M (AvailPageFile size 3M)
current process WorkingSet (physical memory assigned to process): 168M, peak: 168M
current process commit charge ("private bytes"): 262M, peak: 262M

vm_info: OpenJDK 64-Bit Server VM (11.0.11+9-b60-7590822) for windows-amd64 JRE (11.0.11+9-b60-7590822), built on Jul 29 2021 21:43:44 by "builder" with MS VC++ 14.0 (VS2015)

END.
